<?xml version="1.0" encoding="UTF-8"?>
<!-- Generated by org.testng.reporters.JUnitReportReporter -->
<testsuite hostname="DESKTOP-VACI220" failures="0" tests="11" name="com.sgtesting.tests.Assignment6" time="49.173" errors="0" timestamp="2022-06-10T12:11:54 IST" skipped="0">
  <testcase classname="com.sgtesting.tests.Assignment6" name="launchBrowser" time="3.930"/>
  <system-out/>
  <testcase classname="com.sgtesting.tests.Assignment6" name="navigate" time="8.128"/>
  <system-out/>
  <testcase classname="com.sgtesting.tests.Assignment6" name="login" time="3.316"/>
  <system-out/>
  <testcase classname="com.sgtesting.tests.Assignment6" name="minimizeFlyout" time="4.398"/>
  <system-out/>
  <testcase classname="com.sgtesting.tests.Assignment6" name="createCustomer" time="6.401"/>
  <system-out/>
  <testcase classname="com.sgtesting.tests.Assignment6" name="CreateProject" time="4.418"/>
  <system-out/>
  <testcase classname="com.sgtesting.tests.Assignment6" name="ModifyProject" time="3.427"/>
  <system-out/>
  <testcase classname="com.sgtesting.tests.Assignment6" name="DeleteProject" time="4.464"/>
  <system-out/>
  <testcase classname="com.sgtesting.tests.Assignment6" name="DeleteCustomer" time="8.468"/>
  <system-out/>
  <testcase classname="com.sgtesting.tests.Assignment6" name="logout" time="1.483"/>
  <system-out/>
  <testcase classname="com.sgtesting.tests.Assignment6" name="closeApplication" time="0.740"/>
  <system-out/>
</testsuite> <!-- com.sgtesting.tests.Assignment6 -->
